d:\code\c++\aiocr\aivisitor\x64\release\titlebar.obj
d:\code\c++\aiocr\aivisitor\x64\release\moc_titlebar.obj
d:\code\c++\aiocr\aivisitor\x64\release\moc_mainwindow.obj
d:\code\c++\aiocr\aivisitor\x64\release\moc_custompushbutton.obj
d:\code\c++\aiocr\aivisitor\x64\release\mainwindow.obj
d:\code\c++\aiocr\aivisitor\x64\release\main.obj
d:\code\c++\aiocr\aivisitor\x64\release\excel.obj
d:\code\c++\aiocr\aivisitor\x64\release\custompushbutton.obj
d:\code\c++\aiocr\aivisitor\release\moc_custompushbutton.cpp
d:\code\c++\aiocr\aivisitor\release\moc_mainwindow.cpp
d:\code\c++\aiocr\aivisitor\release\moc_titlebar.cpp
d:\code\c++\aiocr\aivisitor\generatedfiles\ui_mainwindow.h
d:\code\c++\aiocr\aivisitor\release\aivisitor.exe
d:\code\c++\aiocr\aivisitor\x64\release\moc_ocr.obj
d:\code\c++\aiocr\aivisitor\x64\release\ocr.obj
d:\code\c++\aiocr\aivisitor\x64\release\aivisitor.tlog\cl.command.1.tlog
d:\code\c++\aiocr\aivisitor\x64\release\aivisitor.tlog\cl.read.1.tlog
d:\code\c++\aiocr\aivisitor\x64\release\aivisitor.tlog\cl.write.1.tlog
d:\code\c++\aiocr\aivisitor\x64\release\aivisitor.tlog\custombuild.command.1.tlog
d:\code\c++\aiocr\aivisitor\x64\release\aivisitor.tlog\custombuild.read.1.tlog
d:\code\c++\aiocr\aivisitor\x64\release\aivisitor.tlog\custombuild.write.1.tlog
d:\code\c++\aiocr\aivisitor\x64\release\aivisitor.tlog\link.command.1.tlog
d:\code\c++\aiocr\aivisitor\x64\release\aivisitor.tlog\link.read.1.tlog
d:\code\c++\aiocr\aivisitor\x64\release\aivisitor.tlog\link.write.1.tlog
