d:\documents\qt\aivisitor\x64\debug\vc140.pdb
d:\documents\qt\aivisitor\x64\debug\mainwindow.obj
d:\documents\qt\aivisitor\x64\debug\moc_mainwindow.obj
d:\documents\qt\aivisitor\x64\debug\main.obj
d:\documents\qt\aivisitor\x64\debug\titlebar.obj
d:\documents\qt\aivisitor\x64\debug\moc_titlebar.obj
d:\documents\qt\aivisitor\x64\debug\moc_custompushbutton.obj
d:\documents\qt\aivisitor\x64\debug\custompushbutton.obj
d:\documents\qt\aivisitor\x64\debug\excel.obj
d:\documents\qt\aivisitor\debug\moc_custompushbutton.cpp
d:\documents\qt\aivisitor\generatedfiles\ui_mainwindow.h
d:\documents\qt\aivisitor\debug\moc_mainwindow.cpp
d:\documents\qt\aivisitor\debug\moc_titlebar.cpp
d:\documents\qt\aivisitor\debug\aivisitor.ilk
d:\documents\qt\aivisitor\debug\aivisitor.exe
d:\documents\qt\aivisitor\debug\aivisitor.pdb
d:\code\c++\aivisitor\x64\debug\custompushbutton.obj
d:\code\c++\aivisitor\x64\debug\excel.obj
d:\code\c++\aivisitor\x64\debug\main.obj
d:\code\c++\aivisitor\x64\debug\mainwindow.obj
d:\code\c++\aivisitor\x64\debug\moc_custompushbutton.obj
d:\code\c++\aivisitor\x64\debug\moc_mainwindow.obj
d:\code\c++\aivisitor\x64\debug\moc_titlebar.obj
d:\code\c++\aivisitor\x64\debug\titlebar.obj
d:\code\c++\aivisitor\x64\debug\vc140.pdb
d:\code\c++\aivisitor\debug\aivisitor.exe
d:\code\c++\aivisitor\x64\debug\aivisitor.tlog\cl.command.1.tlog
d:\code\c++\aivisitor\x64\debug\aivisitor.tlog\cl.read.1.tlog
d:\code\c++\aivisitor\x64\debug\aivisitor.tlog\cl.write.1.tlog
d:\code\c++\aivisitor\x64\debug\aivisitor.tlog\custombuild.command.1.tlog
d:\code\c++\aivisitor\x64\debug\aivisitor.tlog\custombuild.read.1.tlog
d:\code\c++\aivisitor\x64\debug\aivisitor.tlog\custombuild.write.1.tlog
d:\code\c++\aivisitor\x64\debug\aivisitor.tlog\link.command.1.tlog
d:\code\c++\aivisitor\x64\debug\aivisitor.tlog\link.read.1.tlog
d:\code\c++\aivisitor\x64\debug\aivisitor.tlog\link.write.1.tlog
